{
  "0 debug pnpm:scope": {
    "selected": 1
  },
  "1 info pnpm": {
    "err": {
      "name": "Error",
      "message": "not found: instal",
      "code": "ENOENT",
      "stack": "Error: not found: instal\n    at getNotFoundError (/Users/alexey/.nvm/versions/node/v16.13.2/lib/node_modules/pnpm/dist/pnpm.cjs:41687:51)\n    at Function.whichSync [as sync] (/Users/alexey/.nvm/versions/node/v16.13.2/lib/node_modules/pnpm/dist/pnpm.cjs:41764:13)\n    at getCommandAbsolutePathSync (/Users/alexey/.nvm/versions/node/v16.13.2/lib/node_modules/pnpm/dist/pnpm.cjs:43329:44)\n    at default_1 (/Users/alexey/.nvm/versions/node/v16.13.2/lib/node_modules/pnpm/dist/pnpm.cjs:43338:32)\n    at /Users/alexey/.nvm/versions/node/v16.13.2/lib/node_modules/pnpm/dist/pnpm.cjs:172189:39"
    }
  },
  "2 error pnpm": {
    "code": "ERR_PNPM_RECURSIVE_EXEC_FIRST_FAIL",
    "prefix": "/Users/alexey/work/alexey/react_koans",
    "err": {
      "name": "pnpm",
      "message": "not found: instal",
      "code": "ERR_PNPM_RECURSIVE_EXEC_FIRST_FAIL",
      "stack": "Error: not found: instal\n    at getNotFoundError (/Users/alexey/.nvm/versions/node/v16.13.2/lib/node_modules/pnpm/dist/pnpm.cjs:41687:51)\n    at Function.whichSync [as sync] (/Users/alexey/.nvm/versions/node/v16.13.2/lib/node_modules/pnpm/dist/pnpm.cjs:41764:13)\n    at getCommandAbsolutePathSync (/Users/alexey/.nvm/versions/node/v16.13.2/lib/node_modules/pnpm/dist/pnpm.cjs:43329:44)\n    at default_1 (/Users/alexey/.nvm/versions/node/v16.13.2/lib/node_modules/pnpm/dist/pnpm.cjs:43338:32)\n    at /Users/alexey/.nvm/versions/node/v16.13.2/lib/node_modules/pnpm/dist/pnpm.cjs:172189:39"
    }
  }
}